[debug] [2026-05-06T22:22:20.553Z] ----------------------------------------------------------------------
[debug] [2026-05-06T22:22:20.561Z] Command:       C:\Program Files\nodejs\node.exe C:\Users\MD.SHAHRIAR ALAM\AppData\Roaming\npm\node_modules\firebase-tools\lib\bin\firebase.js init
[debug] [2026-05-06T22:22:20.561Z] CLI Version:   15.17.0
[debug] [2026-05-06T22:22:20.562Z] Platform:      win32
[debug] [2026-05-06T22:22:20.562Z] Node Version:  v24.12.0
[debug] [2026-05-06T22:22:20.562Z] Time:          Thu May 07 2026 04:22:20 GMT+0600 (Bangladesh Standard Time)
[debug] [2026-05-06T22:22:20.563Z] ----------------------------------------------------------------------
[debug] 
[info] 
     ######## #### ########  ######## ########     ###     ######  ########
     ##        ##  ##     ## ##       ##     ##  ##   ##  ##       ##
     ######    ##  ########  ######   ########  #########  ######  ######
     ##        ##  ##    ##  ##       ##     ## ##     ##       ## ##
     ##       #### ##     ## ######## ########  ##     ##  ######  ########

You're about to initialize a Firebase project in this directory:

  C:\Users\MD.SHAHRIAR ALAM\health-nutrition

[debug] [2026-05-06T22:23:01.789Z] ExitPromptError: User force closed the prompt with SIGINT
    at Interface.sigint (C:\Users\MD.SHAHRIAR ALAM\AppData\Roaming\npm\node_modules\firebase-tools\node_modules\@inquirer\core\dist\commonjs\lib\create-prompt.js:101:37)
    at Interface.emit (node:events:508:28)
    at [_ttyWrite] [as _ttyWrite] (node:internal/readline/interface:1327:18)
    at ReadStream.onkeypress (node:internal/readline/interface:284:20)
    at ReadStream.emit (node:events:520:35)
    at emitKeys (node:internal/readline/utils:371:14)
    at emitKeys.next (<anonymous>)
    at ReadStream.onData (node:internal/readline/emitKeypressEvents:64:36)
    at ReadStream.emit (node:events:508:28)
    at addChunk (node:internal/streams/readable:559:12)
[error] 
[error] Error: An unexpected error has occurred.
[debug] [2026-05-06T22:26:12.685Z] ----------------------------------------------------------------------
[debug] [2026-05-06T22:26:12.692Z] Command:       C:\Program Files\nodejs\node.exe C:\Users\MD.SHAHRIAR ALAM\AppData\Roaming\npm\node_modules\firebase-tools\lib\bin\firebase.js init
[debug] [2026-05-06T22:26:12.693Z] CLI Version:   15.17.0
[debug] [2026-05-06T22:26:12.693Z] Platform:      win32
[debug] [2026-05-06T22:26:12.693Z] Node Version:  v24.12.0
[debug] [2026-05-06T22:26:12.693Z] Time:          Thu May 07 2026 04:26:12 GMT+0600 (Bangladesh Standard Time)
[debug] [2026-05-06T22:26:12.694Z] ----------------------------------------------------------------------
[debug] 
[info] 
     ######## #### ########  ######## ########     ###     ######  ########
     ##        ##  ##     ## ##       ##     ##  ##   ##  ##       ##
     ######    ##  ########  ######   ########  #########  ######  ######
     ##        ##  ##    ##  ##       ##     ## ##     ##       ## ##
     ##       #### ##     ## ######## ########  ##     ##  ######  ########

You're about to initialize a Firebase project in this directory:

  C:\Users\MD.SHAHRIAR ALAM\health-nutrition

[info] 
=== Project Setup
[info] 
[info] First, let's associate this project directory with a Firebase project.
[info] You can create multiple project aliases by running firebase use --add, 
[info] 
[debug] [2026-05-06T22:34:39.350Z] ExitPromptError: User force closed the prompt with SIGINT
    at Interface.sigint (C:\Users\MD.SHAHRIAR ALAM\AppData\Roaming\npm\node_modules\firebase-tools\node_modules\@inquirer\core\dist\commonjs\lib\create-prompt.js:101:37)
    at Interface.emit (node:events:508:28)
    at [_ttyWrite] [as _ttyWrite] (node:internal/readline/interface:1327:18)
    at ReadStream.onkeypress (node:internal/readline/interface:284:20)
    at ReadStream.emit (node:events:520:35)
    at emitKeys (node:internal/readline/utils:371:14)
    at emitKeys.next (<anonymous>)
    at ReadStream.onData (node:internal/readline/emitKeypressEvents:64:36)
    at ReadStream.emit (node:events:508:28)
    at addChunk (node:internal/streams/readable:559:12)
[error] 
[error] Error: An unexpected error has occurred.
